<?xml version="1.0" encoding="UTF-8"?>
<testsuite xmlns:xsi="http://www.w3.org/2001/XMLSchema-instance" xsi:noNamespaceSchemaLocation="https://maven.apache.org/surefire/maven-surefire-plugin/xsd/surefire-test-report-3.0.xsd" version="3.0" name="edu.drexel.cs3585.PieceTest" time="0" tests="7" errors="0" skipped="0" failures="0">
  <properties>
[...]
</properties>
  <testcase name="testQueen" classname="edu.drexel.cs3585.PieceTest" time="0"/>
  <testcase name="testKing" classname="edu.drexel.cs3585.PieceTest" time="0"/>
  <testcase name="testRook" classname="edu.drexel.cs3585.PieceTest" time="0"/>
  <testcase name="testWhitePawn" classname="edu.drexel.cs3585.PieceTest" time="0"/>
  <testcase name="testBishop" classname="edu.drexel.cs3585.PieceTest" time="0"/>
  <testcase name="testKnight" classname="edu.drexel.cs3585.PieceTest" time="0"/>
  <testcase name="testBlackPawn" classname="edu.drexel.cs3585.PieceTest" time="0"/>
</testsuite>